
17. Printing statistics.

=== cnn_top ===

   Number of wires:              16207
   Number of wire bits:          18927
   Number of public wires:         139
   Number of public wire bits:    1912
   Number of ports:                 19
   Number of port bits:            208
   Number of memories:               0
   Number of memory bits:            0
   Number of processes:              0
   Number of cells:              16969
     $_AND_                       7172
     $_DFFE_PN0P_                  704
     $_DFFE_PN1P_                    3
     $_DFF_PN0_                      5
     $_NOT_                        822
     $_OR_                        3529
     $_XOR_                       4724
     $scopeinfo                     10

